<?xml version="1.0" encoding="UTF-8"?>
<!-- Generated by org.testng.reporters.JUnitXMLReporter -->
<testsuite ignored="0" hostname="sharanabasappa" failures="1" tests="3" name="Default test" time="13.739" errors="0" timestamp="2025-08-27T18:31:48 IST">
  <testcase classname="io.cucumber.testng.AbstractTestNGCucumberTests" name="runScenario" time="10.97"/>
  <testcase classname="io.cucumber.testng.AbstractTestNGCucumberTests" name="runScenario" time="11.111">
    <failure type="java.lang.AssertionError" message="expected [Beetroot] but found [No data]">
      <![CDATA[java.lang.AssertionError: expected [Beetroot] but found [No data]
at org.testng.Assert.fail(Assert.java:111)
at org.testng.Assert.failNotEquals(Assert.java:1578)
at org.testng.Assert.assertEqualsImpl(Assert.java:150)
at org.testng.Assert.assertEquals(Assert.java:132)
at org.testng.Assert.assertEquals(Assert.java:656)
at org.testng.Assert.assertEquals(Assert.java:666)
at eCom_Rsa_Stepdefinitions.OffersPageStepDefinitions.validate_product_name_in_offers_pag_matches_with_landing_page(OffersPageStepDefinitions.java:74)
at ✽.Validate product name in offers page matches with landing page(file:///F:/Sharan_Automation/Selenium_Cucumber/src/main/java/ecom_Rsa_FetureFile/searchProduct.feature:8)
]]>
    </failure>
  </testcase> <!-- runScenario -->
  <testcase classname="io.cucumber.testng.AbstractTestNGCucumberTests" name="runScenario" time="12.146"/>
</testsuite> <!-- Default test -->
