-------------------------------------------------------------------------------
Test set: TestSuite
-------------------------------------------------------------------------------
Tests run: 6, Failures: 6, Errors: 0, Skipped: 0, Time elapsed: 33.89 s <<< FAILURE! -- in TestSuite
cucumberOptions.Ecom_TestNgRunner.runScenario["Serach Experience for product search in both home and Offers page", "Place the order for products"](1) -- Time elapsed: 22.79 s <<< FAILURE!
java.lang.AssertionError: expected [true] but found [false]
	at org.testng.Assert.fail(Assert.java:111)
	at org.testng.Assert.failNotEquals(Assert.java:1590)
	at org.testng.Assert.assertTrue(Assert.java:57)
	at org.testng.Assert.assertTrue(Assert.java:67)
	at eCom_Rsa_Stepdefinitions.LandingPageStepDefinitions.user_is_on_greencart_landing_page(LandingPageStepDefinitions.java:42)
	at ✽.User is on GreenCart Landing page(file:///F:/Sharan_Automation/Selenium_Cucumber/src/main/java/ecom_Rsa_FetureFile/Checkout.feature:5)

cucumberOptions.Ecom_TestNgRunner.runScenario["Serach Experience for product search in both home and Offers page", "Search and Place the order for products"](2) -- Time elapsed: 23.00 s <<< FAILURE!
java.lang.AssertionError: expected [true] but found [false]
	at org.testng.Assert.fail(Assert.java:111)
	at org.testng.Assert.failNotEquals(Assert.java:1590)
	at org.testng.Assert.assertTrue(Assert.java:57)
	at org.testng.Assert.assertTrue(Assert.java:67)
	at eCom_Rsa_Stepdefinitions.LandingPageStepDefinitions.user_is_on_greencart_landing_page(LandingPageStepDefinitions.java:42)
	at ✽.User is on GreenCart Landing page(file:///F:/Sharan_Automation/Selenium_Cucumber/src/main/java/ecom_Rsa_FetureFile/searchProduct.feature:5)

cucumberOptions.Ecom_TestNgRunner.runScenario["Serach Experience for product search in both home and Offers page", "Search and Place the order for products"](3) -- Time elapsed: 23.08 s <<< FAILURE!
java.lang.AssertionError: expected [true] but found [false]
	at org.testng.Assert.fail(Assert.java:111)
	at org.testng.Assert.failNotEquals(Assert.java:1590)
	at org.testng.Assert.assertTrue(Assert.java:57)
	at org.testng.Assert.assertTrue(Assert.java:67)
	at eCom_Rsa_Stepdefinitions.LandingPageStepDefinitions.user_is_on_greencart_landing_page(LandingPageStepDefinitions.java:42)
	at ✽.User is on GreenCart Landing page(file:///F:/Sharan_Automation/Selenium_Cucumber/src/main/java/ecom_Rsa_FetureFile/searchProduct.feature:5)

cucumberOptions.Ecom_Failed_TestNgRunner.runScenario["Serach Experience for product search in both home and Offers page", "Search and Place the order for products"](2) -- Time elapsed: 0.181 s <<< FAILURE!
io.cucumber.testng.UndefinedStepException: 
The step 'User is on GreenCart Landing page' and 3 other step(s) are undefined.
You can implement these steps using the snippet(s) below:

@Given("User is on GreenCart Landing page")
public void user_is_on_green_cart_landing_page() {
    // Write code here that turns the phrase above into concrete actions
    throw new io.cucumber.java.PendingException();
}
@When("User serarched with Tom and extracted actual name of product")
public void user_serarched_with_tom_and_extracted_actual_name_of_product() {
    // Write code here that turns the phrase above into concrete actions
    throw new io.cucumber.java.PendingException();
}
@Then("User searched for Tom shortname in offers page")
public void user_searched_for_tom_shortname_in_offers_page() {
    // Write code here that turns the phrase above into concrete actions
    throw new io.cucumber.java.PendingException();
}
@Then("Validate product name in offers page matches with landing page")
public void validate_product_name_in_offers_page_matches_with_landing_page() {
    // Write code here that turns the phrase above into concrete actions
    throw new io.cucumber.java.PendingException();
}

	at ✽.User is on GreenCart Landing page(file:///F:/Sharan_Automation/Selenium_Cucumber/src/main/java/ecom_Rsa_FetureFile/searchProduct.feature:5)

cucumberOptions.Ecom_Failed_TestNgRunner.runScenario["Serach Experience for product search in both home and Offers page", "Search and Place the order for products"](1) -- Time elapsed: 0.181 s <<< FAILURE!
io.cucumber.testng.UndefinedStepException: 
The step 'User is on GreenCart Landing page' and 3 other step(s) are undefined.
You can implement these steps using the snippet(s) below:

@Given("User is on GreenCart Landing page")
public void user_is_on_green_cart_landing_page() {
    // Write code here that turns the phrase above into concrete actions
    throw new io.cucumber.java.PendingException();
}
@When("User serarched with Pot and extracted actual name of product")
public void user_serarched_with_pot_and_extracted_actual_name_of_product() {
    // Write code here that turns the phrase above into concrete actions
    throw new io.cucumber.java.PendingException();
}
@Then("User searched for Pot shortname in offers page")
public void user_searched_for_pot_shortname_in_offers_page() {
    // Write code here that turns the phrase above into concrete actions
    throw new io.cucumber.java.PendingException();
}
@Then("Validate product name in offers page matches with landing page")
public void validate_product_name_in_offers_page_matches_with_landing_page() {
    // Write code here that turns the phrase above into concrete actions
    throw new io.cucumber.java.PendingException();
}

	at ✽.User is on GreenCart Landing page(file:///F:/Sharan_Automation/Selenium_Cucumber/src/main/java/ecom_Rsa_FetureFile/searchProduct.feature:5)

cucumberOptions.Ecom_Failed_TestNgRunner.runScenario["Serach Experience for product search in both home and Offers page", "Place the order for products"](3) -- Time elapsed: 0.462 s <<< FAILURE!
io.cucumber.testng.UndefinedStepException: 
The step 'User is on GreenCart Landing page' and 4 other step(s) are undefined.
You can implement these steps using the snippet(s) below:

@Given("User is on GreenCart Landing page")
public void user_is_on_green_cart_landing_page() {
    // Write code here that turns the phrase above into concrete actions
    throw new io.cucumber.java.PendingException();
}
@When("User serarched with Tom and extracted actual name of product")
public void user_serarched_with_tom_and_extracted_actual_name_of_product() {
    // Write code here that turns the phrase above into concrete actions
    throw new io.cucumber.java.PendingException();
}
@When("Added {string} items of the selected product to cart")
public void added_items_of_the_selected_product_to_cart(String string) {
    // Write code here that turns the phrase above into concrete actions
    throw new io.cucumber.java.PendingException();
}
@Then("User proceeds to checkout and validate the Tom items in checkout page")
public void user_proceeds_to_checkout_and_validate_the_tom_items_in_checkout_page() {
    // Write code here that turns the phrase above into concrete actions
    throw new io.cucumber.java.PendingException();
}
@Then("verify user has ability to enter promo code and place the order")
public void verify_user_has_ability_to_enter_promo_code_and_place_the_order() {
    // Write code here that turns the phrase above into concrete actions
    throw new io.cucumber.java.PendingException();
}

	at ✽.User is on GreenCart Landing page(file:///F:/Sharan_Automation/Selenium_Cucumber/src/main/java/ecom_Rsa_FetureFile/Checkout.feature:5)

