<?xml version="1.0" encoding="UTF-8"?>
<testng-results ignored="0" total="3" passed="2" failed="1" skipped="0">
  <reporter-output>
  </reporter-output>
  <suite started-at="2025-08-27T18:31:35 IST" name="Default suite" finished-at="2025-08-27T18:31:48 IST" duration-ms="13739">
    <groups>
      <group name="cucumber">
        <method signature="AbstractTestNGCucumberTests.runScenario(io.cucumber.testng.PickleWrapper,io.cucumber.testng.FeatureWrapper)[pri:0, instance:cucumberOptions.Ecom_TestNgRunner@c0c2f8d]" name="runScenario" class="io.cucumber.testng.AbstractTestNGCucumberTests"/>
      </group> <!-- cucumber -->
    </groups>
    <test started-at="2025-08-27T18:31:35 IST" name="Default test" finished-at="2025-08-27T18:31:48 IST" duration-ms="13739">
      <class name="cucumberOptions.Ecom_TestNgRunner">
        <test-method is-config="true" signature="setUpClass(org.testng.ITestContext)[pri:0, instance:cucumberOptions.Ecom_TestNgRunner@c0c2f8d]" started-at="2025-08-27T18:31:35 IST" name="setUpClass" finished-at="2025-08-27T18:31:36 IST" duration-ms="1183" status="PASS">
          <params>
            <param index="0">
              <value>
                <![CDATA[org.testng.TestRunner@5136207f]]>
              </value>
            </param>
          </params>
          <reporter-output>
          </reporter-output>
        </test-method> <!-- setUpClass -->
        <test-method signature="runScenario(io.cucumber.testng.PickleWrapper,io.cucumber.testng.FeatureWrapper)[pri:0, instance:cucumberOptions.Ecom_TestNgRunner@c0c2f8d]" started-at="2025-08-27T18:31:36 IST" name="runScenario" description="Runs Cucumber Scenarios" data-provider="scenarios" finished-at="2025-08-27T18:31:47 IST" duration-ms="10970" status="PASS">
          <params>
            <param index="0">
              <value>
                <![CDATA["Serach Experience for product search in both home and Offers page"]]>
              </value>
            </param>
            <param index="1">
              <value>
                <![CDATA["Place the order for products"]]>
              </value>
            </param>
          </params>
          <reporter-output>
          </reporter-output>
        </test-method> <!-- runScenario -->
        <test-method signature="runScenario(io.cucumber.testng.PickleWrapper,io.cucumber.testng.FeatureWrapper)[pri:0, instance:cucumberOptions.Ecom_TestNgRunner@c0c2f8d]" started-at="2025-08-27T18:31:36 IST" name="runScenario" description="Runs Cucumber Scenarios" data-provider="scenarios" finished-at="2025-08-27T18:31:47 IST" duration-ms="11111" status="FAIL">
          <params>
            <param index="0">
              <value>
                <![CDATA["Serach Experience for product search in both home and Offers page"]]>
              </value>
            </param>
            <param index="1">
              <value>
                <![CDATA["Search and Place the order for products"]]>
              </value>
            </param>
          </params>
          <exception class="java.lang.AssertionError">
            <message>
              <![CDATA[expected [Beetroot] but found [No data]]]>
            </message>
            <full-stacktrace>
              <![CDATA[java.lang.AssertionError: expected [Beetroot] but found [No data]
at org.testng.Assert.fail(Assert.java:111)
at org.testng.Assert.failNotEquals(Assert.java:1578)
at org.testng.Assert.assertEqualsImpl(Assert.java:150)
at org.testng.Assert.assertEquals(Assert.java:132)
at org.testng.Assert.assertEquals(Assert.java:656)
at org.testng.Assert.assertEquals(Assert.java:666)
at eCom_Rsa_Stepdefinitions.OffersPageStepDefinitions.validate_product_name_in_offers_pag_matches_with_landing_page(OffersPageStepDefinitions.java:74)
at ✽.Validate product name in offers page matches with landing page(file:///F:/Sharan_Automation/Selenium_Cucumber/src/main/java/ecom_Rsa_FetureFile/searchProduct.feature:8)
]]>
            </full-stacktrace>
          </exception> <!-- java.lang.AssertionError -->
          <reporter-output>
          </reporter-output>
        </test-method> <!-- runScenario -->
        <test-method signature="runScenario(io.cucumber.testng.PickleWrapper,io.cucumber.testng.FeatureWrapper)[pri:0, instance:cucumberOptions.Ecom_TestNgRunner@c0c2f8d]" started-at="2025-08-27T18:31:36 IST" name="runScenario" description="Runs Cucumber Scenarios" data-provider="scenarios" finished-at="2025-08-27T18:31:48 IST" duration-ms="12146" status="PASS">
          <params>
            <param index="0">
              <value>
                <![CDATA["Serach Experience for product search in both home and Offers page"]]>
              </value>
            </param>
            <param index="1">
              <value>
                <![CDATA["Search and Place the order for products"]]>
              </value>
            </param>
          </params>
          <reporter-output>
          </reporter-output>
        </test-method> <!-- runScenario -->
        <test-method is-config="true" signature="tearDownClass()[pri:0, instance:cucumberOptions.Ecom_TestNgRunner@c0c2f8d]" started-at="2025-08-27T18:31:48 IST" name="tearDownClass" finished-at="2025-08-27T18:31:48 IST" duration-ms="365" status="PASS">
          <reporter-output>
          </reporter-output>
        </test-method> <!-- tearDownClass -->
      </class> <!-- cucumberOptions.Ecom_TestNgRunner -->
    </test> <!-- Default test -->
  </suite> <!-- Default suite -->
</testng-results>
