<?xml version="1.0" encoding="UTF-8"?>
<!-- Generated by org.testng.reporters.JUnitReportReporter -->
<testsuite hostname="sharanabasappa" failures="1" tests="3" name="cucumberOptions.Ecom_TestNgRunner" time="34.227" errors="0" timestamp="2025-08-27T18:31:49 IST" skipped="0">
  <testcase classname="cucumberOptions.Ecom_TestNgRunner" name="runScenario" time="11.111">
    <failure message="expected [Beetroot] but found [No data]" type="java.lang.AssertionError">
      <![CDATA[java.lang.AssertionError: expected [Beetroot] but found [No data]
at org.testng.Assert.fail(Assert.java:111)
at org.testng.Assert.failNotEquals(Assert.java:1578)
at org.testng.Assert.assertEqualsImpl(Assert.java:150)
at org.testng.Assert.assertEquals(Assert.java:132)
at org.testng.Assert.assertEquals(Assert.java:656)
at org.testng.Assert.assertEquals(Assert.java:666)
at eCom_Rsa_Stepdefinitions.OffersPageStepDefinitions.validate_product_name_in_offers_pag_matches_with_landing_page(OffersPageStepDefinitions.java:74)
at ✽.Validate product name in offers page matches with landing page(file:///F:/Sharan_Automation/Selenium_Cucumber/src/main/java/ecom_Rsa_FetureFile/searchProduct.feature:8)
]]>
    </failure>
  </testcase> <!-- runScenario -->
  <testcase classname="cucumberOptions.Ecom_TestNgRunner" name="runScenario" time="10.970"/>
  <testcase classname="cucumberOptions.Ecom_TestNgRunner" name="runScenario" time="12.146"/>
</testsuite> <!-- cucumberOptions.Ecom_TestNgRunner -->
